Build started 2018/4/9 下午 06:51:20.
     1>Project "E:\大三課程\專題\Project2\Manga-Content-Separate\Project2\Project2.vcxproj" on node 2 (Build target(s)).
     1>ClCompile:
         D:\vs2013\VC\bin\x86_amd64\CL.exe /c /Zi /nologo /W3 /WX- /sdl /O2 /Oi /GL /D _MBCS /Gm- /EHsc /MD /GS /Gy /fp:precise /Zc:wchar_t /Zc:forScope /Fo"x64\Release\\" /Fd"x64\Release\vc120.pdb" /Gd /TP /errorReport:prompt Source.cpp
         Source.cpp
     1>C:\opencv\build\include\opencv2/core/mat.hpp(1965): warning C4819: The file contains a character that cannot be represented in the current code page (950). Save the file in Unicode format to prevent data loss
     1>C:\opencv\build\include\opencv2/core/persistence.hpp : warning C4819: The file contains a character that cannot be represented in the current code page (950). Save the file in Unicode format to prevent data loss
     1>C:\opencv\build\include\opencv2/core/utility.hpp : warning C4819: The file contains a character that cannot be represented in the current code page (950). Save the file in Unicode format to prevent data loss
       Link:
         D:\vs2013\VC\bin\x86_amd64\link.exe /ERRORREPORT:PROMPT /OUT:"E:\大三課程\專題\Project2\Manga-Content-Separate\x64\Release\Project2.exe" /NOLOGO kernel32.lib user32.lib gdi32.lib winspool.lib comdlg32.lib advapi32.lib shell32.lib ole32.lib oleaut32.lib uuid.lib odbc32.lib odbccp32.lib /MANIFEST /MANIFESTUAC:"level='asInvoker' uiAccess='false'" /manifest:embed /DEBUG /PDB:"E:\大三課程\專題\Project2\Manga-Content-Separate\x64\Release\Project2.pdb" /OPT:REF /OPT:ICF /LTCG /TLBID:1 /DYNAMICBASE /NXCOMPAT /IMPLIB:"E:\大三課程\專題\Project2\Manga-Content-Separate\x64\Release\Project2.lib" /MACHINE:X64 x64\Release\Source.obj
     1>Source.obj : error LNK2001: unresolved external symbol "void __cdecl cv::namedWindow(class cv::String const &,int)" (?namedWindow@cv@@YAXAEBVString@1@H@Z)
     1>Source.obj : error LNK2001: unresolved external symbol "int __cdecl cv::waitKey(int)" (?waitKey@cv@@YAHH@Z)
     1>Source.obj : error LNK2001: unresolved external symbol "void __cdecl cv::blur(class cv::_InputArray const &,class cv::_OutputArray const &,class cv::Size_<int>,class cv::Point_<int>,int)" (?blur@cv@@YAXAEBV_InputArray@1@AEBV_OutputArray@1@V?$Size_@H@1@V?$Point_@H@1@H@Z)
     1>Source.obj : error LNK2001: unresolved external symbol "void __cdecl cv::fastFree(void *)" (?fastFree@cv@@YAXPEAX@Z)
     1>Source.obj : error LNK2001: unresolved external symbol "class cv::Mat __cdecl cv::imread(class cv::String const &,int)" (?imread@cv@@YA?AVMat@1@AEBVString@1@H@Z)
     1>Source.obj : error LNK2001: unresolved external symbol "public: void __cdecl cv::Mat::copySize(class cv::Mat const &)" (?copySize@Mat@cv@@QEAAXAEBV12@@Z)
     1>Source.obj : error LNK2001: unresolved external symbol "public: void __cdecl cv::Mat::deallocate(void)" (?deallocate@Mat@cv@@QEAAXXZ)
     1>Source.obj : error LNK2001: unresolved external symbol "public: void __cdecl cv::Mat::create(int,int const *,int)" (?create@Mat@cv@@QEAAXHPEBHH@Z)
     1>Source.obj : error LNK2001: unresolved external symbol "public: class cv::Mat & __cdecl cv::Mat::operator=(class cv::Scalar_<double> const &)" (??4Mat@cv@@QEAAAEAV01@AEBV?$Scalar_@N@1@@Z)
     1>Source.obj : error LNK2001: unresolved external symbol "public: __cdecl cv::Mat::Mat(class cv::Mat const &,class cv::Rect_<int> const &)" (??0Mat@cv@@QEAA@AEBV01@AEBV?$Rect_@H@1@@Z)
     1>Source.obj : error LNK2001: unresolved external symbol "void __cdecl cv::HoughLinesP(class cv::_InputArray const &,class cv::_OutputArray const &,double,double,int,double,double)" (?HoughLinesP@cv@@YAXAEBV_InputArray@1@AEBV_OutputArray@1@NNHNN@Z)
     1>Source.obj : error LNK2001: unresolved external symbol "private: void __cdecl cv::String::deallocate(void)" (?deallocate@String@cv@@AEAAXXZ)
     1>Source.obj : error LNK2001: unresolved external symbol "private: char * __cdecl cv::String::allocate(unsigned __int64)" (?allocate@String@cv@@AEAAPEAD_K@Z)
     1>Source.obj : error LNK2001: unresolved external symbol "double __cdecl cv::threshold(class cv::_InputArray const &,class cv::_OutputArray const &,double,double,int)" (?threshold@cv@@YANAEBV_InputArray@1@AEBV_OutputArray@1@NNH@Z)
     1>Source.obj : error LNK2001: unresolved external symbol "void __cdecl cv::line(class cv::_InputOutputArray const &,class cv::Point_<int>,class cv::Point_<int>,class cv::Scalar_<double> const &,int,int,int)" (?line@cv@@YAXAEBV_InputOutputArray@1@V?$Point_@H@1@1AEBV?$Scalar_@N@1@HHH@Z)
     1>Source.obj : error LNK2001: unresolved external symbol "void __cdecl cv::Canny(class cv::_InputArray const &,class cv::_OutputArray const &,double,double,int,bool)" (?Canny@cv@@YAXAEBV_InputArray@1@AEBV_OutputArray@1@NNH_N@Z)
     1>Source.obj : error LNK2001: unresolved external symbol "void __cdecl cv::cvtColor(class cv::_InputArray const &,class cv::_OutputArray const &,int,int)" (?cvtColor@cv@@YAXAEBV_InputArray@1@AEBV_OutputArray@1@HH@Z)
     1>Source.obj : error LNK2001: unresolved external symbol "void __cdecl cv::imshow(class cv::String const &,class cv::_InputArray const &)" (?imshow@cv@@YAXAEBVString@1@AEBV_InputArray@1@@Z)
     1>E:\大三課程\專題\Project2\Manga-Content-Separate\x64\Release\Project2.exe : fatal error LNK1120: 18 unresolved externals
     1>Done Building Project "E:\大三課程\專題\Project2\Manga-Content-Separate\Project2\Project2.vcxproj" (Build target(s)) -- FAILED.

Build FAILED.

Time Elapsed 00:00:01.76
